<?xml version="1.0" encoding="UTF-8"?>
<!-- Generated by org.testng.reporters.JUnitReportReporter -->
<testsuite hostname="Vietnam-4650" failures="0" tests="1" name="Testpackage.NewTest" time="46.963" errors="0" timestamp="2024-01-25T15:35:40 ICT" skipped="0">
  <testcase classname="Testpackage.NewTest" name="test" time="46.963"/>
</testsuite> <!-- Testpackage.NewTest -->
